# JRE version: OpenJDK Runtime Environment (8.0_44-b02) (build 1.8.0_44-b02)
# Java VM: OpenJDK Client VM (25.40-b25 mixed mode windows-x86 )
Heap:
 def new generation   total 10048K, used 335K [0x05600000, 0x060e0000, 0x0ab50000)
  eden space 8960K,   3% used [0x05600000, 0x05653ee0, 0x05ec0000)
  from space 1088K,   0% used [0x05ec0000, 0x05ec0000, 0x05fd0000)
  to   space 1088K,   0% used [0x05fd0000, 0x05fd0000, 0x060e0000)
 tenured generation   total 22144K, used 13285K [0x0ab50000, 0x0c0f0000, 0x15600000)
   the space 22144K,  59% used [0x0ab50000, 0x0b8496e8, 0x0b849800, 0x0c0f0000)
 Metaspace       used 5636K, capacity 5795K, committed 5888K, reserved 6528K
GC Heap History (10 events):
Event: 0.393 GC heap before
{Heap before GC invocations=2 (full 0):
 def new generation   total 4928K, used 4456K [0x05600000, 0x05b50000, 0x0ab50000)
  eden space 4416K, 100% used [0x05600000, 0x05a50000, 0x05a50000)
  from space 512K,   7% used [0x05a50000, 0x05a5a070, 0x05ad0000)
  to   space 512K,   0% used [0x05ad0000, 0x05ad0000, 0x05b50000)
 tenured generation   total 10944K, used 4535K [0x0ab50000, 0x0b600000, 0x15600000)
   the space 10944K,  41% used [0x0ab50000, 0x0afbdd70, 0x0afbde00, 0x0b600000)
 Metaspace       used 3490K, capacity 3525K, committed 3648K, reserved 4480K
Event: 0.394 GC heap after
Heap after GC invocations=3 (full 0):
 def new generation   total 4928K, used 512K [0x05600000, 0x05b50000, 0x0ab50000)
  eden space 4416K,   0% used [0x05600000, 0x05600000, 0x05a50000)
  from space 512K, 100% used [0x05ad0000, 0x05b50000, 0x05b50000)
  to   space 512K,   0% used [0x05a50000, 0x05a50000, 0x05ad0000)
 tenured generation   total 10944K, used 5194K [0x0ab50000, 0x0b600000, 0x15600000)
   the space 10944K,  47% used [0x0ab50000, 0x0b0629a8, 0x0b062a00, 0x0b600000)
 Metaspace       used 3490K, capacity 3525K, committed 3648K, reserved 4480K
}
Event: 0.887 GC heap before
{Heap before GC invocations=3 (full 0):
 def new generation   total 4928K, used 4928K [0x05600000, 0x05b50000, 0x0ab50000)
  eden space 4416K, 100% used [0x05600000, 0x05a50000, 0x05a50000)
  from space 512K, 100% used [0x05ad0000, 0x05b50000, 0x05b50000)
  to   space 512K,   0% used [0x05a50000, 0x05a50000, 0x05ad0000)
 tenured generation   total 10944K, used 5194K [0x0ab50000, 0x0b600000, 0x15600000)
   the space 10944K,  47% used [0x0ab50000, 0x0b0629a8, 0x0b062a00, 0x0b600000)
 Metaspace       used 4991K, capacity 5133K, committed 5248K, reserved 5504K
Event: 0.890 GC heap after
Heap after GC invocations=4 (full 0):
 def new generation   total 4928K, used 512K [0x05600000, 0x05b50000, 0x0ab50000)
  eden space 4416K,   0% used [0x05600000, 0x05600000, 0x05a50000)
  from space 512K, 100% used [0x05a50000, 0x05ad0000, 0x05ad0000)
  to   space 512K,   0% used [0x05ad0000, 0x05ad0000, 0x05b50000)
 tenured generation   total 10944K, used 6312K [0x0ab50000, 0x0b600000, 0x15600000)
   the space 10944K,  57% used [0x0ab50000, 0x0b17a0e0, 0x0b17a200, 0x0b600000)
 Metaspace       used 4991K, capacity 5133K, committed 5248K, reserved 5504K
}
Event: 0.921 GC heap before
{Heap before GC invocations=4 (full 0):
 def new generation   total 4928K, used 3671K [0x05600000, 0x05b50000, 0x0ab50000)
  eden space 4416K,  71% used [0x05600000, 0x05915e50, 0x05a50000)
  from space 512K, 100% used [0x05a50000, 0x05ad0000, 0x05ad0000)
  to   space 512K,   0% used [0x05ad0000, 0x05ad0000, 0x05b50000)
 tenured generation   total 10944K, used 6312K [0x0ab50000, 0x0b600000, 0x15600000)
   the space 10944K,  57% used [0x0ab50000, 0x0b17a0e0, 0x0b17a200, 0x0b600000)
 Metaspace       used 5610K, capacity 5761K, committed 5888K, reserved 6528K
Event: 0.923 GC heap after
Heap after GC invocations=5 (full 0):
 def new generation   total 4928K, used 70K [0x05600000, 0x05b50000, 0x0ab50000)
  eden space 4416K,   0% used [0x05600000, 0x05600000, 0x05a50000)
  from space 512K,  13% used [0x05ad0000, 0x05ae19f8, 0x05b50000)
  to   space 512K,   0% used [0x05a50000, 0x05a50000, 0x05ad0000)
 tenured generation   total 10944K, used 8856K [0x0ab50000, 0x0b600000, 0x15600000)
   the space 10944K,  80% used [0x0ab50000, 0x0b3f61f8, 0x0b3f6200, 0x0b600000)
 Metaspace       used 5610K, capacity 5761K, committed 5888K, reserved 6528K
}
Event: 0.932 GC heap before
{Heap before GC invocations=5 (full 0):
 def new generation   total 4928K, used 4262K [0x05600000, 0x05b50000, 0x0ab50000)
  eden space 4416K,  94% used [0x05600000, 0x05a18110, 0x05a50000)
  from space 512K,  13% used [0x05ad0000, 0x05ae19f8, 0x05b50000)
  to   space 512K,   0% used [0x05a50000, 0x05a50000, 0x05ad0000)
 tenured generation   total 10944K, used 8856K [0x0ab50000, 0x0b600000, 0x15600000)
   the space 10944K,  80% used [0x0ab50000, 0x0b3f61f8, 0x0b3f6200, 0x0b600000)
 Metaspace       used 5620K, capacity 5763K, committed 5888K, reserved 6528K
Event: 0.937 GC heap after
Heap after GC invocations=6 (full 1):
 def new generation   total 9792K, used 0K [0x05600000, 0x060a0000, 0x0ab50000)
  eden space 8704K,   0% used [0x05600000, 0x05600000, 0x05e80000)
  from space 1088K,   0% used [0x05e80000, 0x05e80000, 0x05f90000)
  to   space 1088K,   0% used [0x05f90000, 0x05f90000, 0x060a0000)
 tenured generation   total 21716K, used 13029K [0x0ab50000, 0x0c085000, 0x15600000)
   the space 21716K,  59% used [0x0ab50000, 0x0b809618, 0x0b809800, 0x0c085000)
 Metaspace       used 5620K, capacity 5763K, committed 5888K, reserved 6528K
}
Event: 0.947 GC heap before
{Heap before GC invocations=6 (full 1):
 def new generation   total 9792K, used 589K [0x05600000, 0x060a0000, 0x0ab50000)
  eden space 8704K,   6% used [0x05600000, 0x05693528, 0x05e80000)
  from space 1088K,   0% used [0x05e80000, 0x05e80000, 0x05f90000)
  to   space 1088K,   0% used [0x05f90000, 0x05f90000, 0x060a0000)
 tenured generation   total 21716K, used 13029K [0x0ab50000, 0x0c085000, 0x15600000)
   the space 21716K,  59% used [0x0ab50000, 0x0b809618, 0x0b809800, 0x0c085000)
 Metaspace       used 5620K, capacity 5763K, committed 5888K, reserved 6528K
Event: 0.950 GC heap after
Heap after GC invocations=7 (full 2):
 def new generation   total 10048K, used 0K [0x05600000, 0x060e0000, 0x0ab50000)
  eden space 8960K,   0% used [0x05600000, 0x05600000, 0x05ec0000)
  from space 1088K,   0% used [0x05ec0000, 0x05ec0000, 0x05fd0000)
  to   space 1088K,   0% used [0x05fd0000, 0x05fd0000, 0x060e0000)
 tenured generation   total 22144K, used 13285K [0x0ab50000, 0x0c0f0000, 0x15600000)
   the space 22144K,  59% used [0x0ab50000, 0x0b8496e8, 0x0b849800, 0x0c0f0000)
 Metaspace       used 5620K, capacity 5763K, committed 5888K, reserved 6528K
}

