# JRE version: OpenJDK Runtime Environment (7.0_75-b13) (build 1.7.0_75-b13)
# Java VM: OpenJDK Client VM (24.75-b04 mixed mode windows-x86 )
Heap
 def new generation   total 9728K, used 229K [0x05800000, 0x06280000, 0x0ad50000)
  eden space 8704K,   2% used [0x05800000, 0x05839758, 0x06080000)
  from space 1024K,   0% used [0x06080000, 0x06080000, 0x06180000)
  to   space 1024K,   0% used [0x06180000, 0x06180000, 0x06280000)
 tenured generation   total 21472K, used 12883K [0x0ad50000, 0x0c248000, 0x15800000)
   the space 21472K,  59% used [0x0ad50000, 0x0b9e4ca8, 0x0b9e4e00, 0x0c248000)
 compacting perm gen  total 12288K, used 5269K [0x15800000, 0x16400000, 0x19800000)
   the space 12288K,  42% used [0x15800000, 0x15d25478, 0x15d25600, 0x16400000)
GC Heap History (10 events):
Event: 0.467 GC heap before
{Heap before GC invocations=2 (full 0):
 def new generation   total 4928K, used 4456K [0x05800000, 0x05d50000, 0x0ad50000)
  eden space 4416K, 100% used [0x05800000, 0x05c50000, 0x05c50000)
  from space 512K,   7% used [0x05c50000, 0x05c5a2d8, 0x05cd0000)
  to   space 512K,   0% used [0x05cd0000, 0x05cd0000, 0x05d50000)
 tenured generation   total 10944K, used 4355K [0x0ad50000, 0x0b800000, 0x15800000)
   the space 10944K,  39% used [0x0ad50000, 0x0b190ca0, 0x0b190e00, 0x0b800000)
 compacting perm gen  total 12288K, used 3675K [0x15800000, 0x16400000, 0x19800000)
   the space 12288K,  29% used [0x15800000, 0x15b96d28, 0x15b96e00, 0x16400000)
No shared spaces configured.
Event: 0.469 GC heap after
Heap after GC invocations=3 (full 0):
 def new generation   total 4928K, used 512K [0x05800000, 0x05d50000, 0x0ad50000)
  eden space 4416K,   0% used [0x05800000, 0x05800000, 0x05c50000)
  from space 512K, 100% used [0x05cd0000, 0x05d50000, 0x05d50000)
  to   space 512K,   0% used [0x05c50000, 0x05c50000, 0x05cd0000)
 tenured generation   total 10944K, used 5040K [0x0ad50000, 0x0b800000, 0x15800000)
   the space 10944K,  46% used [0x0ad50000, 0x0b23c280, 0x0b23c400, 0x0b800000)
 compacting perm gen  total 12288K, used 3675K [0x15800000, 0x16400000, 0x19800000)
   the space 12288K,  29% used [0x15800000, 0x15b96d28, 0x15b96e00, 0x16400000)
No shared spaces configured.
}
Event: 0.907 GC heap before
{Heap before GC invocations=3 (full 0):
 def new generation   total 4928K, used 4392K [0x05800000, 0x05d50000, 0x0ad50000)
  eden space 4416K,  87% used [0x05800000, 0x05bca118, 0x05c50000)
  from space 512K, 100% used [0x05cd0000, 0x05d50000, 0x05d50000)
  to   space 512K,   0% used [0x05c50000, 0x05c50000, 0x05cd0000)
 tenured generation   total 10944K, used 5040K [0x0ad50000, 0x0b800000, 0x15800000)
   the space 10944K,  46% used [0x0ad50000, 0x0b23c280, 0x0b23c400, 0x0b800000)
 compacting perm gen  total 12288K, used 5049K [0x15800000, 0x16400000, 0x19800000)
   the space 12288K,  41% used [0x15800000, 0x15cee6e8, 0x15cee800, 0x16400000)
No shared spaces configured.
Event: 0.909 GC heap after
Heap after GC invocations=4 (full 0):
 def new generation   total 4928K, used 512K [0x05800000, 0x05d50000, 0x0ad50000)
  eden space 4416K,   0% used [0x05800000, 0x05800000, 0x05c50000)
  from space 512K, 100% used [0x05c50000, 0x05cd0000, 0x05cd0000)
  to   space 512K,   0% used [0x05cd0000, 0x05cd0000, 0x05d50000)
 tenured generation   total 10944K, used 5929K [0x0ad50000, 0x0b800000, 0x15800000)
   the space 10944K,  54% used [0x0ad50000, 0x0b31a580, 0x0b31a600, 0x0b800000)
 compacting perm gen  total 12288K, used 5049K [0x15800000, 0x16400000, 0x19800000)
   the space 12288K,  41% used [0x15800000, 0x15cee6e8, 0x15cee800, 0x16400000)
No shared spaces configured.
}
Event: 0.920 GC heap before
{Heap before GC invocations=4 (full 0):
 def new generation   total 4928K, used 2848K [0x05800000, 0x05d50000, 0x0ad50000)
  eden space 4416K,  52% used [0x05800000, 0x05a48210, 0x05c50000)
  from space 512K, 100% used [0x05c50000, 0x05cd0000, 0x05cd0000)
  to   space 512K,   0% used [0x05cd0000, 0x05cd0000, 0x05d50000)
 tenured generation   total 10944K, used 5929K [0x0ad50000, 0x0b800000, 0x15800000)
   the space 10944K,  54% used [0x0ad50000, 0x0b31a580, 0x0b31a600, 0x0b800000)
 compacting perm gen  total 12288K, used 5248K [0x15800000, 0x16400000, 0x19800000)
   the space 12288K,  42% used [0x15800000, 0x15d200d0, 0x15d20200, 0x16400000)
No shared spaces configured.
Event: 0.922 GC heap after
Heap after GC invocations=5 (full 0):
 def new generation   total 4928K, used 31K [0x05800000, 0x05d50000, 0x0ad50000)
  eden space 4416K,   0% used [0x05800000, 0x05800000, 0x05c50000)
  from space 512K,   6% used [0x05cd0000, 0x05cd7e18, 0x05d50000)
  to   space 512K,   0% used [0x05c50000, 0x05c50000, 0x05cd0000)
 tenured generation   total 10944K, used 8486K [0x0ad50000, 0x0b800000, 0x15800000)
   the space 10944K,  77% used [0x0ad50000, 0x0b599850, 0x0b599a00, 0x0b800000)
 compacting perm gen  total 12288K, used 5248K [0x15800000, 0x16400000, 0x19800000)
   the space 12288K,  42% used [0x15800000, 0x15d200d0, 0x15d20200, 0x16400000)
No shared spaces configured.
}
Event: 0.935 GC heap before
{Heap before GC invocations=5 (full 0):
 def new generation   total 4928K, used 4199K [0x05800000, 0x05d50000, 0x0ad50000)
  eden space 4416K,  94% used [0x05800000, 0x05c121d0, 0x05c50000)
  from space 512K,   6% used [0x05cd0000, 0x05cd7e18, 0x05d50000)
  to   space 512K,   0% used [0x05c50000, 0x05c50000, 0x05cd0000)
 tenured generation   total 10944K, used 8486K [0x0ad50000, 0x0b800000, 0x15800000)
   the space 10944K,  77% used [0x0ad50000, 0x0b599850, 0x0b599a00, 0x0b800000)
 compacting perm gen  total 12288K, used 5253K [0x15800000, 0x16400000, 0x19800000)
   the space 12288K,  42% used [0x15800000, 0x15d21468, 0x15d21600, 0x16400000)
No shared spaces configured.
Event: 0.941 GC heap after
Heap after GC invocations=6 (full 1):
 def new generation   total 9536K, used 0K [0x05800000, 0x06250000, 0x0ad50000)
  eden space 8512K,   0% used [0x05800000, 0x05800000, 0x06050000)
  from space 1024K,   0% used [0x06050000, 0x06050000, 0x06150000)
  to   space 1024K,   0% used [0x06150000, 0x06150000, 0x06250000)
 tenured generation   total 21048K, used 12626K [0x0ad50000, 0x0c1de000, 0x15800000)
   the space 21048K,  59% used [0x0ad50000, 0x0b9a4bd0, 0x0b9a4c00, 0x0c1de000)
 compacting perm gen  total 12288K, used 5253K [0x15800000, 0x16400000, 0x19800000)
   the space 12288K,  42% used [0x15800000, 0x15d21468, 0x15d21600, 0x16400000)
No shared spaces configured.
}
Event: 0.952 GC heap before
{Heap before GC invocations=6 (full 1):
 def new generation   total 9536K, used 310K [0x05800000, 0x06250000, 0x0ad50000)
  eden space 8512K,   3% used [0x05800000, 0x0584d8e8, 0x06050000)
  from space 1024K,   0% used [0x06050000, 0x06050000, 0x06150000)
  to   space 1024K,   0% used [0x06150000, 0x06150000, 0x06250000)
 tenured generation   total 21048K, used 12626K [0x0ad50000, 0x0c1de000, 0x15800000)
   the space 21048K,  59% used [0x0ad50000, 0x0b9a4bd0, 0x0b9a4c00, 0x0c1de000)
 compacting perm gen  total 12288K, used 5253K [0x15800000, 0x16400000, 0x19800000)
   the space 12288K,  42% used [0x15800000, 0x15d21488, 0x15d21600, 0x16400000)
No shared spaces configured.
Event: 0.956 GC heap after
Heap after GC invocations=7 (full 2):
 def new generation   total 9728K, used 0K [0x05800000, 0x06280000, 0x0ad50000)
  eden space 8704K,   0% used [0x05800000, 0x05800000, 0x06080000)
  from space 1024K,   0% used [0x06080000, 0x06080000, 0x06180000)
  to   space 1024K,   0% used [0x06180000, 0x06180000, 0x06280000)
 tenured generation   total 21472K, used 12883K [0x0ad50000, 0x0c248000, 0x15800000)
   the space 21472K,  59% used [0x0ad50000, 0x0b9e4ca8, 0x0b9e4e00, 0x0c248000)
 compacting perm gen  total 12288K, used 5253K [0x15800000, 0x16400000, 0x19800000)
   the space 12288K,  42% used [0x15800000, 0x15d21488, 0x15d21600, 0x16400000)
No shared spaces configured.
}

