# JRE version: OpenJDK Runtime Environment (8.0_44-b02) (build 1.8.0_44-b02)
# Java VM: OpenJDK Client VM (25.40-b25 mixed mode windows-x86 )
Heap:
 def new generation   total 9984K, used 332K [0x05600000, 0x060d0000, 0x0ab50000)
  eden space 8896K,   3% used [0x05600000, 0x056531a0, 0x05eb0000)
  from space 1088K,   0% used [0x05eb0000, 0x05eb0000, 0x05fc0000)
  to   space 1088K,   0% used [0x05fc0000, 0x05fc0000, 0x060d0000)
 tenured generation   total 22108K, used 13264K [0x0ab50000, 0x0c0e7000, 0x15600000)
   the space 22108K,  59% used [0x0ab50000, 0x0b8442a8, 0x0b844400, 0x0c0e7000)
 Metaspace       used 5636K, capacity 5795K, committed 5888K, reserved 6528K
GC Heap History (10 events):
Event: 0.468 GC heap before
{Heap before GC invocations=2 (full 0):
 def new generation   total 4928K, used 4456K [0x05600000, 0x05b50000, 0x0ab50000)
  eden space 4416K, 100% used [0x05600000, 0x05a50000, 0x05a50000)
  from space 512K,   7% used [0x05a50000, 0x05a5a070, 0x05ad0000)
  to   space 512K,   0% used [0x05ad0000, 0x05ad0000, 0x05b50000)
 tenured generation   total 10944K, used 4535K [0x0ab50000, 0x0b600000, 0x15600000)
   the space 10944K,  41% used [0x0ab50000, 0x0afbdd70, 0x0afbde00, 0x0b600000)
 Metaspace       used 3490K, capacity 3525K, committed 3648K, reserved 4480K
Event: 0.470 GC heap after
Heap after GC invocations=3 (full 0):
 def new generation   total 4928K, used 512K [0x05600000, 0x05b50000, 0x0ab50000)
  eden space 4416K,   0% used [0x05600000, 0x05600000, 0x05a50000)
  from space 512K, 100% used [0x05ad0000, 0x05b50000, 0x05b50000)
  to   space 512K,   0% used [0x05a50000, 0x05a50000, 0x05ad0000)
 tenured generation   total 10944K, used 5195K [0x0ab50000, 0x0b600000, 0x15600000)
   the space 10944K,  47% used [0x0ab50000, 0x0b062cd0, 0x0b062e00, 0x0b600000)
 Metaspace       used 3490K, capacity 3525K, committed 3648K, reserved 4480K
}
Event: 0.915 GC heap before
{Heap before GC invocations=3 (full 0):
 def new generation   total 4928K, used 4928K [0x05600000, 0x05b50000, 0x0ab50000)
  eden space 4416K, 100% used [0x05600000, 0x05a50000, 0x05a50000)
  from space 512K, 100% used [0x05ad0000, 0x05b50000, 0x05b50000)
  to   space 512K,   0% used [0x05a50000, 0x05a50000, 0x05ad0000)
 tenured generation   total 10944K, used 5195K [0x0ab50000, 0x0b600000, 0x15600000)
   the space 10944K,  47% used [0x0ab50000, 0x0b062cd0, 0x0b062e00, 0x0b600000)
 Metaspace       used 4993K, capacity 5135K, committed 5248K, reserved 5504K
Event: 0.917 GC heap after
Heap after GC invocations=4 (full 0):
 def new generation   total 4928K, used 512K [0x05600000, 0x05b50000, 0x0ab50000)
  eden space 4416K,   0% used [0x05600000, 0x05600000, 0x05a50000)
  from space 512K, 100% used [0x05a50000, 0x05ad0000, 0x05ad0000)
  to   space 512K,   0% used [0x05ad0000, 0x05ad0000, 0x05b50000)
 tenured generation   total 10944K, used 6289K [0x0ab50000, 0x0b600000, 0x15600000)
   the space 10944K,  57% used [0x0ab50000, 0x0b1745f8, 0x0b174600, 0x0b600000)
 Metaspace       used 4993K, capacity 5135K, committed 5248K, reserved 5504K
}
Event: 0.953 GC heap before
{Heap before GC invocations=4 (full 0):
 def new generation   total 4928K, used 3653K [0x05600000, 0x05b50000, 0x0ab50000)
  eden space 4416K,  71% used [0x05600000, 0x059114e8, 0x05a50000)
  from space 512K, 100% used [0x05a50000, 0x05ad0000, 0x05ad0000)
  to   space 512K,   0% used [0x05ad0000, 0x05ad0000, 0x05b50000)
 tenured generation   total 10944K, used 6289K [0x0ab50000, 0x0b600000, 0x15600000)
   the space 10944K,  57% used [0x0ab50000, 0x0b1745f8, 0x0b174600, 0x0b600000)
 Metaspace       used 5610K, capacity 5761K, committed 5888K, reserved 6528K
Event: 0.954 GC heap after
Heap after GC invocations=5 (full 0):
 def new generation   total 4928K, used 69K [0x05600000, 0x05b50000, 0x0ab50000)
  eden space 4416K,   0% used [0x05600000, 0x05600000, 0x05a50000)
  from space 512K,  13% used [0x05ad0000, 0x05ae1458, 0x05b50000)
  to   space 512K,   0% used [0x05a50000, 0x05a50000, 0x05ad0000)
 tenured generation   total 10944K, used 8836K [0x0ab50000, 0x0b600000, 0x15600000)
   the space 10944K,  80% used [0x0ab50000, 0x0b3f1358, 0x0b3f1400, 0x0b600000)
 Metaspace       used 5610K, capacity 5761K, committed 5888K, reserved 6528K
}
Event: 0.963 GC heap before
{Heap before GC invocations=5 (full 0):
 def new generation   total 4928K, used 4260K [0x05600000, 0x05b50000, 0x0ab50000)
  eden space 4416K,  94% used [0x05600000, 0x05a17f98, 0x05a50000)
  from space 512K,  13% used [0x05ad0000, 0x05ae1458, 0x05b50000)
  to   space 512K,   0% used [0x05a50000, 0x05a50000, 0x05ad0000)
 tenured generation   total 10944K, used 8836K [0x0ab50000, 0x0b600000, 0x15600000)
   the space 10944K,  80% used [0x0ab50000, 0x0b3f1358, 0x0b3f1400, 0x0b600000)
 Metaspace       used 5620K, capacity 5763K, committed 5888K, reserved 6528K
Event: 0.968 GC heap after
Heap after GC invocations=6 (full 1):
 def new generation   total 9792K, used 0K [0x05600000, 0x060a0000, 0x0ab50000)
  eden space 8704K,   0% used [0x05600000, 0x05600000, 0x05e80000)
  from space 1088K,   0% used [0x05e80000, 0x05e80000, 0x05f90000)
  to   space 1088K,   0% used [0x05f90000, 0x05f90000, 0x060a0000)
 tenured generation   total 21684K, used 13008K [0x0ab50000, 0x0c07d000, 0x15600000)
   the space 21684K,  59% used [0x0ab50000, 0x0b8041d8, 0x0b804200, 0x0c07d000)
 Metaspace       used 5620K, capacity 5763K, committed 5888K, reserved 6528K
}
Event: 0.981 GC heap before
{Heap before GC invocations=6 (full 1):
 def new generation   total 9792K, used 588K [0x05600000, 0x060a0000, 0x0ab50000)
  eden space 8704K,   6% used [0x05600000, 0x05693340, 0x05e80000)
  from space 1088K,   0% used [0x05e80000, 0x05e80000, 0x05f90000)
  to   space 1088K,   0% used [0x05f90000, 0x05f90000, 0x060a0000)
 tenured generation   total 21684K, used 13008K [0x0ab50000, 0x0c07d000, 0x15600000)
   the space 21684K,  59% used [0x0ab50000, 0x0b8041d8, 0x0b804200, 0x0c07d000)
 Metaspace       used 5620K, capacity 5763K, committed 5888K, reserved 6528K
Event: 0.984 GC heap after
Heap after GC invocations=7 (full 2):
 def new generation   total 9984K, used 0K [0x05600000, 0x060d0000, 0x0ab50000)
  eden space 8896K,   0% used [0x05600000, 0x05600000, 0x05eb0000)
  from space 1088K,   0% used [0x05eb0000, 0x05eb0000, 0x05fc0000)
  to   space 1088K,   0% used [0x05fc0000, 0x05fc0000, 0x060d0000)
 tenured generation   total 22108K, used 13264K [0x0ab50000, 0x0c0e7000, 0x15600000)
   the space 22108K,  59% used [0x0ab50000, 0x0b8442a8, 0x0b844400, 0x0c0e7000)
 Metaspace       used 5620K, capacity 5763K, committed 5888K, reserved 6528K
}

